Determining if the ntohll exist failed with the following output:
Change Dir: /home/billing/freeDiameter/build/CMakeFiles/CMakeTmp

Run Build Command(s):/usr/bin/make cmTC_a81b0/fast && /usr/bin/make -f CMakeFiles/cmTC_a81b0.dir/build.make CMakeFiles/cmTC_a81b0.dir/build
make[1]: Entering directory '/home/billing/freeDiameter/build/CMakeFiles/CMakeTmp'
Building C object CMakeFiles/cmTC_a81b0.dir/CheckSymbolExists.c.o
/usr/bin/gcc    -o CMakeFiles/cmTC_a81b0.dir/CheckSymbolExists.c.o   -c /home/billing/freeDiameter/build/CMakeFiles/CMakeTmp/CheckSymbolExists.c
/home/billing/freeDiameter/build/CMakeFiles/CMakeTmp/CheckSymbolExists.c: In function ‘main’:
/home/billing/freeDiameter/build/CMakeFiles/CMakeTmp/CheckSymbolExists.c:8:19: error: ‘ntohll’ undeclared (first use in this function); did you mean ‘ntohl’?
    8 |   return ((int*)(&ntohll))[argc];
      |                   ^~~~~~
      |                   ntohl
/home/billing/freeDiameter/build/CMakeFiles/CMakeTmp/CheckSymbolExists.c:8:19: note: each undeclared identifier is reported only once for each function it appears in
make[1]: *** [CMakeFiles/cmTC_a81b0.dir/build.make:66: CMakeFiles/cmTC_a81b0.dir/CheckSymbolExists.c.o] Error 1
make[1]: Leaving directory '/home/billing/freeDiameter/build/CMakeFiles/CMakeTmp'
make: *** [Makefile:121: cmTC_a81b0/fast] Error 2


File /home/billing/freeDiameter/build/CMakeFiles/CMakeTmp/CheckSymbolExists.c:
/* */
#include <netinet/in.h>

int main(int argc, char** argv)
{
  (void)argv;
#ifndef ntohll
  return ((int*)(&ntohll))[argc];
#else
  (void)argc;
  return 0;
#endif
}
Performing C SOURCE FILE Test CMAKE_HAVE_LIBC_PTHREAD failed with the following output:
Change Dir: /home/billing/freeDiameter/build/CMakeFiles/CMakeTmp

Run Build Command(s):/usr/bin/make cmTC_1ce4b/fast && /usr/bin/make -f CMakeFiles/cmTC_1ce4b.dir/build.make CMakeFiles/cmTC_1ce4b.dir/build
make[1]: Entering directory '/home/billing/freeDiameter/build/CMakeFiles/CMakeTmp'
Building C object CMakeFiles/cmTC_1ce4b.dir/src.c.o
/usr/bin/gcc   -DCMAKE_HAVE_LIBC_PTHREAD   -o CMakeFiles/cmTC_1ce4b.dir/src.c.o   -c /home/billing/freeDiameter/build/CMakeFiles/CMakeTmp/src.c
Linking C executable cmTC_1ce4b
/usr/bin/cmake -E cmake_link_script CMakeFiles/cmTC_1ce4b.dir/link.txt --verbose=1
/usr/bin/gcc  -DCMAKE_HAVE_LIBC_PTHREAD    -rdynamic CMakeFiles/cmTC_1ce4b.dir/src.c.o  -o cmTC_1ce4b 
/usr/bin/ld: CMakeFiles/cmTC_1ce4b.dir/src.c.o: in function `main':
src.c:(.text+0x46): undefined reference to `pthread_create'
/usr/bin/ld: src.c:(.text+0x52): undefined reference to `pthread_detach'
/usr/bin/ld: src.c:(.text+0x63): undefined reference to `pthread_join'
collect2: error: ld returned 1 exit status
make[1]: *** [CMakeFiles/cmTC_1ce4b.dir/build.make:87: cmTC_1ce4b] Error 1
make[1]: Leaving directory '/home/billing/freeDiameter/build/CMakeFiles/CMakeTmp'
make: *** [Makefile:121: cmTC_1ce4b/fast] Error 2


Source file was:
#include <pthread.h>

void* test_func(void* data)
{
  return data;
}

int main(void)
{
  pthread_t thread;
  pthread_create(&thread, NULL, test_func, NULL);
  pthread_detach(thread);
  pthread_join(thread, NULL);
  pthread_atfork(NULL, NULL, NULL);
  pthread_exit(NULL);

  return 0;
}

Determining if the function pthread_create exists in the pthreads failed with the following output:
Change Dir: /home/billing/freeDiameter/build/CMakeFiles/CMakeTmp

Run Build Command(s):/usr/bin/make cmTC_bd68e/fast && /usr/bin/make -f CMakeFiles/cmTC_bd68e.dir/build.make CMakeFiles/cmTC_bd68e.dir/build
make[1]: Entering directory '/home/billing/freeDiameter/build/CMakeFiles/CMakeTmp'
Building C object CMakeFiles/cmTC_bd68e.dir/CheckFunctionExists.c.o
/usr/bin/gcc   -DCHECK_FUNCTION_EXISTS=pthread_create   -o CMakeFiles/cmTC_bd68e.dir/CheckFunctionExists.c.o   -c /usr/share/cmake-3.16/Modules/CheckFunctionExists.c
Linking C executable cmTC_bd68e
/usr/bin/cmake -E cmake_link_script CMakeFiles/cmTC_bd68e.dir/link.txt --verbose=1
/usr/bin/gcc  -DCHECK_FUNCTION_EXISTS=pthread_create    -rdynamic CMakeFiles/cmTC_bd68e.dir/CheckFunctionExists.c.o  -o cmTC_bd68e  -lpthreads 
/usr/bin/ld: cannot find -lpthreads
collect2: error: ld returned 1 exit status
make[1]: *** [CMakeFiles/cmTC_bd68e.dir/build.make:87: cmTC_bd68e] Error 1
make[1]: Leaving directory '/home/billing/freeDiameter/build/CMakeFiles/CMakeTmp'
make: *** [Makefile:121: cmTC_bd68e/fast] Error 2



Determining if the function sctp_connectx exists failed with the following output:
Change Dir: /home/billing/freeDiameter/build/CMakeFiles/CMakeTmp

Run Build Command(s):/usr/bin/make cmTC_71a20/fast && /usr/bin/make -f CMakeFiles/cmTC_71a20.dir/build.make CMakeFiles/cmTC_71a20.dir/build
make[1]: Entering directory '/home/billing/freeDiameter/build/CMakeFiles/CMakeTmp'
Building C object CMakeFiles/cmTC_71a20.dir/CheckFunctionExists.c.o
/usr/bin/gcc   -DCHECK_FUNCTION_EXISTS=sctp_connectx   -o CMakeFiles/cmTC_71a20.dir/CheckFunctionExists.c.o   -c /usr/share/cmake-3.16/Modules/CheckFunctionExists.c
Linking C executable cmTC_71a20
/usr/bin/cmake -E cmake_link_script CMakeFiles/cmTC_71a20.dir/link.txt --verbose=1
/usr/bin/gcc  -DCHECK_FUNCTION_EXISTS=sctp_connectx    -rdynamic CMakeFiles/cmTC_71a20.dir/CheckFunctionExists.c.o  -o cmTC_71a20 
/usr/bin/ld: CMakeFiles/cmTC_71a20.dir/CheckFunctionExists.c.o: in function `main':
CheckFunctionExists.c:(.text+0x14): undefined reference to `sctp_connectx'
collect2: error: ld returned 1 exit status
make[1]: *** [CMakeFiles/cmTC_71a20.dir/build.make:87: cmTC_71a20] Error 1
make[1]: Leaving directory '/home/billing/freeDiameter/build/CMakeFiles/CMakeTmp'
make: *** [Makefile:121: cmTC_71a20/fast] Error 2



Performing C SOURCE FILE Test HAVE_MYSQL_MY_BOOL failed with the following output:
Change Dir: /home/billing/freeDiameter/build/CMakeFiles/CMakeTmp

Run Build Command(s):/usr/bin/make cmTC_f9545/fast && /usr/bin/make -f CMakeFiles/cmTC_f9545.dir/build.make CMakeFiles/cmTC_f9545.dir/build
make[1]: Entering directory '/home/billing/freeDiameter/build/CMakeFiles/CMakeTmp'
Building C object CMakeFiles/cmTC_f9545.dir/src.c.o
/usr/bin/gcc  -I/usr/include/mysql  -DHAVE_MYSQL_MY_BOOL   -o CMakeFiles/cmTC_f9545.dir/src.c.o   -c /home/billing/freeDiameter/build/CMakeFiles/CMakeTmp/src.c
/home/billing/freeDiameter/build/CMakeFiles/CMakeTmp/src.c: In function ‘main’:
/home/billing/freeDiameter/build/CMakeFiles/CMakeTmp/src.c:4:1: error: unknown type name ‘my_bool’; did you mean ‘bool’?
    4 | my_bool f;
      | ^~~~~~~
      | bool
make[1]: *** [CMakeFiles/cmTC_f9545.dir/build.make:66: CMakeFiles/cmTC_f9545.dir/src.c.o] Error 1
make[1]: Leaving directory '/home/billing/freeDiameter/build/CMakeFiles/CMakeTmp'
make: *** [Makefile:121: cmTC_f9545/fast] Error 2


Source file was:

#include <mysql.h>
int main() {
my_bool f;
}
